<?xml version="1.0" encoding="UTF-8"?>
<!-- Generated by org.testng.reporters.JUnitXMLReporter -->
<testsuite ignored="0" hostname="LAPTOP-NN2AJ9IO" failures="0" tests="8" name="Chrome Test" time="147.083" errors="0" timestamp="2020-08-27T18:09:58 IST">
  <testcase classname="testPack.UrbanLadderTestClass" name="test1" time="41.023"/>
  <testcase classname="testPack.UrbanLadderTestClass" name="test1" time="42.195"/>
  <testcase classname="testPack.UrbanLadderTestClass" name="Test2" time="35.749"/>
  <testcase classname="testPack.UrbanLadderTestClass" name="Test2" time="37.167"/>
  <testcase classname="testPack.UrbanLadderTestClass" name="Test3" time="17.724"/>
  <testcase classname="testPack.UrbanLadderTestClass" name="Test3" time="29.845"/>
  <testcase classname="testPack.UrbanLadderTestClass" name="Test4" time="13.21"/>
  <testcase classname="testPack.UrbanLadderTestClass" name="Test4" time="10.687"/>
</testsuite> <!-- Chrome Test -->
