<?xml version="1.0" encoding="UTF-8"?>
<!-- Generated by org.testng.reporters.JUnitXMLReporter -->
<testsuite ignored="0" hostname="LAPTOP-NN2AJ9IO" failures="0" tests="4" name="Chrome Test" time="92.015" errors="0" timestamp="2020-08-27T21:56:03 IST">
  <testcase classname="testPack.UrbanLadderTestClass" name="test1" time="17.228"/>
  <testcase classname="testPack.UrbanLadderTestClass" name="Test2" time="32.074"/>
  <testcase classname="testPack.UrbanLadderTestClass" name="Test3" time="14.339"/>
  <testcase classname="testPack.UrbanLadderTestClass" name="Test4" time="8.254"/>
</testsuite> <!-- Chrome Test -->
