<?xml version="1.0" encoding="UTF-8"?>
<!-- Generated by org.testng.reporters.JUnitXMLReporter -->
<testsuite ignored="0" hostname="LAPTOP-NN2AJ9IO" failures="0" tests="4" name="firefox Test" time="95.125" errors="0" timestamp="2020-08-27T15:30:37 IST">
  <testcase classname="testPack.UrbanLadderTestClass" name="test1" time="18.464"/>
  <testcase classname="testPack.UrbanLadderTestClass" name="Test2" time="19.557"/>
  <testcase classname="testPack.UrbanLadderTestClass" name="Test3" time="13.242"/>
  <testcase classname="testPack.UrbanLadderTestClass" name="Test4" time="12.337"/>
</testsuite> <!-- firefox Test -->
