<?xml version="1.0" encoding="UTF-8"?>
<!-- Generated by org.testng.reporters.JUnitXMLReporter -->
<testsuite ignored="0" hostname="LAPTOP-NN2AJ9IO" failures="0" tests="4" name="MS Edge Test" time="152.652" errors="0" timestamp="2020-08-27T21:54:30 IST">
  <testcase classname="testPack.UrbanLadderTestClass" name="test1" time="45.662"/>
  <testcase classname="testPack.UrbanLadderTestClass" name="Test2" time="27.117"/>
  <testcase classname="testPack.UrbanLadderTestClass" name="Test3" time="23.743"/>
  <testcase classname="testPack.UrbanLadderTestClass" name="Test4" time="12.796"/>
</testsuite> <!-- MS Edge Test -->
