<?xml version="1.0" encoding="UTF-8"?>
<!-- Generated by org.testng.reporters.JUnitXMLReporter -->
<testsuite ignored="0" hostname="LAPTOP-NN2AJ9IO" failures="0" tests="4" name="Test" time="50.15" errors="0" timestamp="2020-08-17T20:11:54 IST">
  <testcase classname="testPack.TestClass" name="test1" time="5.809"/>
  <testcase classname="testPack.TestClass" name="Test2" time="17.07"/>
  <testcase classname="testPack.TestClass" name="Test3" time="11.279"/>
  <testcase classname="testPack.TestClass" name="Test4" time="4.3"/>
</testsuite> <!-- Test -->
