<?xml version="1.0" encoding="UTF-8"?>
<!-- Generated by org.testng.reporters.JUnitXMLReporter -->
<testsuite ignored="0" hostname="LAPTOP-NN2AJ9IO" failures="0" tests="4" name="Test" time="100.54" errors="0" timestamp="2020-08-27T10:29:16 IST">
  <testcase classname="testPack.UrbanLadderTestClass" name="test1" time="21.83"/>
  <testcase classname="testPack.UrbanLadderTestClass" name="Test2" time="21.683"/>
  <testcase classname="testPack.UrbanLadderTestClass" name="Test3" time="20.503"/>
  <testcase classname="testPack.UrbanLadderTestClass" name="Test4" time="7.995"/>
</testsuite> <!-- Test -->
