<?xml version="1.0" encoding="UTF-8"?>
<!-- Generated by org.testng.reporters.JUnitXMLReporter -->
<testsuite ignored="0" hostname="LAPTOP-NN2AJ9IO" failures="0" tests="4" name="Default test" time="84.687" errors="0" timestamp="2020-08-24T10:13:56 IST">
  <testcase classname="testPack.UrbanLadderTestClass" name="test1" time="14.053"/>
  <testcase classname="testPack.UrbanLadderTestClass" name="Test2" time="35.588"/>
  <testcase classname="testPack.UrbanLadderTestClass" name="Test3" time="12.811"/>
  <testcase classname="testPack.UrbanLadderTestClass" name="Test4" time="5.349"/>
</testsuite> <!-- Default test -->
