<?xml version="1.0" encoding="UTF-8"?>
<testng-results ignored="0" total="8" passed="8" failed="0" skipped="0">
  <reporter-output>
  </reporter-output>
  <suite started-at="2020-08-27T18:07:30 IST" name="Suite" finished-at="2020-08-27T18:09:57 IST" duration-ms="147083">
    <groups>
      <group name="Regression">
        <method signature="UrbanLadderTestClass.Test2()[pri:1, instance:testPack.UrbanLadderTestClass@45c7e403]" name="Test2" class="testPack.UrbanLadderTestClass"/>
        <method signature="UrbanLadderTestClass.Test3()[pri:2, instance:testPack.UrbanLadderTestClass@45c7e403]" name="Test3" class="testPack.UrbanLadderTestClass"/>
        <method signature="UrbanLadderTestClass.Test4()[pri:3, instance:testPack.UrbanLadderTestClass@45c7e403]" name="Test4" class="testPack.UrbanLadderTestClass"/>
        <method signature="UrbanLadderTestClass.Test2()[pri:1, instance:testPack.UrbanLadderTestClass@66d18979]" name="Test2" class="testPack.UrbanLadderTestClass"/>
        <method signature="UrbanLadderTestClass.Test3()[pri:2, instance:testPack.UrbanLadderTestClass@66d18979]" name="Test3" class="testPack.UrbanLadderTestClass"/>
        <method signature="UrbanLadderTestClass.Test4()[pri:3, instance:testPack.UrbanLadderTestClass@66d18979]" name="Test4" class="testPack.UrbanLadderTestClass"/>
      </group> <!-- Regression -->
      <group name="Smoke">
        <method signature="UrbanLadderTestClass.Test2()[pri:1, instance:testPack.UrbanLadderTestClass@45c7e403]" name="Test2" class="testPack.UrbanLadderTestClass"/>
        <method signature="UrbanLadderTestClass.Test3()[pri:2, instance:testPack.UrbanLadderTestClass@45c7e403]" name="Test3" class="testPack.UrbanLadderTestClass"/>
        <method signature="UrbanLadderTestClass.Test4()[pri:3, instance:testPack.UrbanLadderTestClass@45c7e403]" name="Test4" class="testPack.UrbanLadderTestClass"/>
        <method signature="UrbanLadderTestClass.test1()[pri:0, instance:testPack.UrbanLadderTestClass@45c7e403]" name="test1" class="testPack.UrbanLadderTestClass"/>
        <method signature="UrbanLadderTestClass.Test2()[pri:1, instance:testPack.UrbanLadderTestClass@66d18979]" name="Test2" class="testPack.UrbanLadderTestClass"/>
        <method signature="UrbanLadderTestClass.Test3()[pri:2, instance:testPack.UrbanLadderTestClass@66d18979]" name="Test3" class="testPack.UrbanLadderTestClass"/>
        <method signature="UrbanLadderTestClass.Test4()[pri:3, instance:testPack.UrbanLadderTestClass@66d18979]" name="Test4" class="testPack.UrbanLadderTestClass"/>
        <method signature="UrbanLadderTestClass.test1()[pri:0, instance:testPack.UrbanLadderTestClass@66d18979]" name="test1" class="testPack.UrbanLadderTestClass"/>
      </group> <!-- Smoke -->
    </groups>
    <test started-at="2020-08-27T18:07:30 IST" name="Chrome Test" finished-at="2020-08-27T18:09:57 IST" duration-ms="147083">
      <class name="testPack.UrbanLadderTestClass">
        <test-method is-config="true" signature="test0(java.lang.String)[pri:0, instance:testPack.UrbanLadderTestClass@66d18979]" started-at="2020-08-27T18:07:30 IST" name="test0" finished-at="2020-08-27T18:07:51 IST" duration-ms="20480" status="PASS">
          <params>
            <param index="0">
              <value>
                <![CDATA[chrome]]>
              </value>
            </param>
          </params>
          <reporter-output>
          </reporter-output>
        </test-method> <!-- test0 -->
        <test-method signature="test1()[pri:0, instance:testPack.UrbanLadderTestClass@66d18979]" started-at="2020-08-27T18:07:51 IST" name="test1" finished-at="2020-08-27T18:08:32 IST" duration-ms="41023" status="PASS">
          <reporter-output>
          </reporter-output>
        </test-method> <!-- test1 -->
        <test-method signature="Test2()[pri:1, instance:testPack.UrbanLadderTestClass@66d18979]" started-at="2020-08-27T18:08:32 IST" name="Test2" finished-at="2020-08-27T18:09:08 IST" duration-ms="35749" status="PASS">
          <reporter-output>
          </reporter-output>
        </test-method> <!-- Test2 -->
        <test-method signature="Test3()[pri:2, instance:testPack.UrbanLadderTestClass@66d18979]" started-at="2020-08-27T18:09:08 IST" name="Test3" finished-at="2020-08-27T18:09:38 IST" duration-ms="29845" status="PASS">
          <reporter-output>
          </reporter-output>
        </test-method> <!-- Test3 -->
        <test-method signature="Test4()[pri:3, instance:testPack.UrbanLadderTestClass@66d18979]" started-at="2020-08-27T18:09:38 IST" name="Test4" finished-at="2020-08-27T18:09:48 IST" duration-ms="10687" status="PASS">
          <reporter-output>
          </reporter-output>
        </test-method> <!-- Test4 -->
        <test-method is-config="true" signature="closeBrowser()[pri:0, instance:testPack.UrbanLadderTestClass@66d18979]" started-at="2020-08-27T18:09:48 IST" name="closeBrowser" finished-at="2020-08-27T18:09:57 IST" duration-ms="9008" status="PASS">
          <reporter-output>
          </reporter-output>
        </test-method> <!-- closeBrowser -->
      </class> <!-- testPack.UrbanLadderTestClass -->
    </test> <!-- Chrome Test -->
    <test started-at="2020-08-27T18:07:30 IST" name="MS Edge Test" finished-at="2020-08-27T18:09:57 IST" duration-ms="146981">
      <class name="testPack.UrbanLadderTestClass">
        <test-method is-config="true" signature="test0(java.lang.String)[pri:0, instance:testPack.UrbanLadderTestClass@45c7e403]" started-at="2020-08-27T18:07:30 IST" name="test0" finished-at="2020-08-27T18:07:56 IST" duration-ms="25266" status="PASS">
          <params>
            <param index="0">
              <value>
                <![CDATA[msedge]]>
              </value>
            </param>
          </params>
          <reporter-output>
          </reporter-output>
        </test-method> <!-- test0 -->
        <test-method signature="test1()[pri:0, instance:testPack.UrbanLadderTestClass@45c7e403]" started-at="2020-08-27T18:07:56 IST" name="test1" finished-at="2020-08-27T18:08:38 IST" duration-ms="42195" status="PASS">
          <reporter-output>
          </reporter-output>
        </test-method> <!-- test1 -->
        <test-method signature="Test2()[pri:1, instance:testPack.UrbanLadderTestClass@45c7e403]" started-at="2020-08-27T18:08:38 IST" name="Test2" finished-at="2020-08-27T18:09:15 IST" duration-ms="37167" status="PASS">
          <reporter-output>
          </reporter-output>
        </test-method> <!-- Test2 -->
        <test-method signature="Test3()[pri:2, instance:testPack.UrbanLadderTestClass@45c7e403]" started-at="2020-08-27T18:09:15 IST" name="Test3" finished-at="2020-08-27T18:09:33 IST" duration-ms="17724" status="PASS">
          <reporter-output>
          </reporter-output>
        </test-method> <!-- Test3 -->
        <test-method signature="Test4()[pri:3, instance:testPack.UrbanLadderTestClass@45c7e403]" started-at="2020-08-27T18:09:33 IST" name="Test4" finished-at="2020-08-27T18:09:46 IST" duration-ms="13210" status="PASS">
          <reporter-output>
          </reporter-output>
        </test-method> <!-- Test4 -->
        <test-method is-config="true" signature="closeBrowser()[pri:0, instance:testPack.UrbanLadderTestClass@45c7e403]" started-at="2020-08-27T18:09:46 IST" name="closeBrowser" finished-at="2020-08-27T18:09:57 IST" duration-ms="11353" status="PASS">
          <reporter-output>
          </reporter-output>
        </test-method> <!-- closeBrowser -->
      </class> <!-- testPack.UrbanLadderTestClass -->
    </test> <!-- MS Edge Test -->
  </suite> <!-- Suite -->
</testng-results>
